CRITICAL - 2024-04-26 02:41:56 --> ErrorException: Undefined variable $errors
in APPPATH\Views\v_form_validation.php on line 14.
 1 APPPATH\Views\v_form_validation.php(14): CodeIgniter\Debug\Exceptions->errorHandler(2, 'Undefined variable $errors', 'C:\\Users\\adria\\Downloads\\codeigniter4-framework-v4.4.6-0-g7d393f8\\codeigniter4-framework-7d393f8\\app\\Views\\v_form_validation.php', 14)
 2 SYSTEMPATH\View\View.php(228): include('C:\\Users\\adria\\Downloads\\codeigniter4-framework-v4.4.6-0-g7d393f8\\codeigniter4-framework-7d393f8\\app\\Views\\v_form_validation.php')
 3 SYSTEMPATH\View\View.php(231): CodeIgniter\View\View->CodeIgniter\View\{closure}()
 4 SYSTEMPATH\Common.php(1178): CodeIgniter\View\View->render('v_form_validation', [], true)
 5 APPPATH\Controllers\Home.php(14): view('v_form_validation')
 6 SYSTEMPATH\CodeIgniter.php(941): App\Controllers\Home->formValidation()
 7 SYSTEMPATH\CodeIgniter.php(502): CodeIgniter\CodeIgniter->runController(Object(App\Controllers\Home))
 8 SYSTEMPATH\CodeIgniter.php(361): CodeIgniter\CodeIgniter->handleRequest(null, Object(Config\Cache), false)
 9 FCPATH\index.php(79): CodeIgniter\CodeIgniter->run()
10 SYSTEMPATH\Commands\Server\rewrite.php(47): require_once('C:\\Users\\adria\\Downloads\\codeigniter4-framework-v4.4.6-0-g7d393f8\\codeigniter4-framework-7d393f8\\public\\index.php')
CRITICAL - 2024-04-26 02:41:58 --> ErrorException: Undefined variable $errors
in APPPATH\Views\v_form_validation.php on line 14.
 1 APPPATH\Views\v_form_validation.php(14): CodeIgniter\Debug\Exceptions->errorHandler(2, 'Undefined variable $errors', 'C:\\Users\\adria\\Downloads\\codeigniter4-framework-v4.4.6-0-g7d393f8\\codeigniter4-framework-7d393f8\\app\\Views\\v_form_validation.php', 14)
 2 SYSTEMPATH\View\View.php(228): include('C:\\Users\\adria\\Downloads\\codeigniter4-framework-v4.4.6-0-g7d393f8\\codeigniter4-framework-7d393f8\\app\\Views\\v_form_validation.php')
 3 SYSTEMPATH\View\View.php(231): CodeIgniter\View\View->CodeIgniter\View\{closure}()
 4 SYSTEMPATH\Common.php(1178): CodeIgniter\View\View->render('v_form_validation', [], true)
 5 APPPATH\Controllers\Home.php(14): view('v_form_validation')
 6 SYSTEMPATH\CodeIgniter.php(941): App\Controllers\Home->formValidation()
 7 SYSTEMPATH\CodeIgniter.php(502): CodeIgniter\CodeIgniter->runController(Object(App\Controllers\Home))
 8 SYSTEMPATH\CodeIgniter.php(361): CodeIgniter\CodeIgniter->handleRequest(null, Object(Config\Cache), false)
 9 FCPATH\index.php(79): CodeIgniter\CodeIgniter->run()
10 SYSTEMPATH\Commands\Server\rewrite.php(47): require_once('C:\\Users\\adria\\Downloads\\codeigniter4-framework-v4.4.6-0-g7d393f8\\codeigniter4-framework-7d393f8\\public\\index.php')
CRITICAL - 2024-04-26 02:42:11 --> ErrorException: Undefined variable $errors
in APPPATH\Views\v_form_validation.php on line 15.
 1 APPPATH\Views\v_form_validation.php(15): CodeIgniter\Debug\Exceptions->errorHandler(2, 'Undefined variable $errors', 'C:\\Users\\adria\\Downloads\\codeigniter4-framework-v4.4.6-0-g7d393f8\\codeigniter4-framework-7d393f8\\app\\Views\\v_form_validation.php', 15)
 2 SYSTEMPATH\View\View.php(228): include('C:\\Users\\adria\\Downloads\\codeigniter4-framework-v4.4.6-0-g7d393f8\\codeigniter4-framework-7d393f8\\app\\Views\\v_form_validation.php')
 3 SYSTEMPATH\View\View.php(231): CodeIgniter\View\View->CodeIgniter\View\{closure}()
 4 SYSTEMPATH\Common.php(1178): CodeIgniter\View\View->render('v_form_validation', [], true)
 5 APPPATH\Controllers\Home.php(14): view('v_form_validation')
 6 SYSTEMPATH\CodeIgniter.php(941): App\Controllers\Home->formValidation()
 7 SYSTEMPATH\CodeIgniter.php(502): CodeIgniter\CodeIgniter->runController(Object(App\Controllers\Home))
 8 SYSTEMPATH\CodeIgniter.php(361): CodeIgniter\CodeIgniter->handleRequest(null, Object(Config\Cache), false)
 9 FCPATH\index.php(79): CodeIgniter\CodeIgniter->run()
10 SYSTEMPATH\Commands\Server\rewrite.php(47): require_once('C:\\Users\\adria\\Downloads\\codeigniter4-framework-v4.4.6-0-g7d393f8\\codeigniter4-framework-7d393f8\\public\\index.php')
CRITICAL - 2024-04-26 02:42:16 --> ErrorException: Undefined variable $errors
in APPPATH\Views\v_form_validation.php on line 15.
 1 APPPATH\Views\v_form_validation.php(15): CodeIgniter\Debug\Exceptions->errorHandler(2, 'Undefined variable $errors', 'C:\\Users\\adria\\Downloads\\codeigniter4-framework-v4.4.6-0-g7d393f8\\codeigniter4-framework-7d393f8\\app\\Views\\v_form_validation.php', 15)
 2 SYSTEMPATH\View\View.php(228): include('C:\\Users\\adria\\Downloads\\codeigniter4-framework-v4.4.6-0-g7d393f8\\codeigniter4-framework-7d393f8\\app\\Views\\v_form_validation.php')
 3 SYSTEMPATH\View\View.php(231): CodeIgniter\View\View->CodeIgniter\View\{closure}()
 4 SYSTEMPATH\Common.php(1178): CodeIgniter\View\View->render('v_form_validation', [], true)
 5 APPPATH\Controllers\Home.php(14): view('v_form_validation')
 6 SYSTEMPATH\CodeIgniter.php(941): App\Controllers\Home->formValidation()
 7 SYSTEMPATH\CodeIgniter.php(502): CodeIgniter\CodeIgniter->runController(Object(App\Controllers\Home))
 8 SYSTEMPATH\CodeIgniter.php(361): CodeIgniter\CodeIgniter->handleRequest(null, Object(Config\Cache), false)
 9 FCPATH\index.php(79): CodeIgniter\CodeIgniter->run()
10 SYSTEMPATH\Commands\Server\rewrite.php(47): require_once('C:\\Users\\adria\\Downloads\\codeigniter4-framework-v4.4.6-0-g7d393f8\\codeigniter4-framework-7d393f8\\public\\index.php')
CRITICAL - 2024-04-26 02:42:18 --> ErrorException: Undefined variable $errors
in APPPATH\Views\v_form_validation.php on line 15.
 1 APPPATH\Views\v_form_validation.php(15): CodeIgniter\Debug\Exceptions->errorHandler(2, 'Undefined variable $errors', 'C:\\Users\\adria\\Downloads\\codeigniter4-framework-v4.4.6-0-g7d393f8\\codeigniter4-framework-7d393f8\\app\\Views\\v_form_validation.php', 15)
 2 SYSTEMPATH\View\View.php(228): include('C:\\Users\\adria\\Downloads\\codeigniter4-framework-v4.4.6-0-g7d393f8\\codeigniter4-framework-7d393f8\\app\\Views\\v_form_validation.php')
 3 SYSTEMPATH\View\View.php(231): CodeIgniter\View\View->CodeIgniter\View\{closure}()
 4 SYSTEMPATH\Common.php(1178): CodeIgniter\View\View->render('v_form_validation', [], true)
 5 APPPATH\Controllers\Home.php(14): view('v_form_validation')
 6 SYSTEMPATH\CodeIgniter.php(941): App\Controllers\Home->formValidation()
 7 SYSTEMPATH\CodeIgniter.php(502): CodeIgniter\CodeIgniter->runController(Object(App\Controllers\Home))
 8 SYSTEMPATH\CodeIgniter.php(361): CodeIgniter\CodeIgniter->handleRequest(null, Object(Config\Cache), false)
 9 FCPATH\index.php(79): CodeIgniter\CodeIgniter->run()
10 SYSTEMPATH\Commands\Server\rewrite.php(47): require_once('C:\\Users\\adria\\Downloads\\codeigniter4-framework-v4.4.6-0-g7d393f8\\codeigniter4-framework-7d393f8\\public\\index.php')
CRITICAL - 2024-04-26 03:00:38 --> CodeIgniter\HTTP\Exceptions\HTTPException: The route for "/formValidation" cannot be found.
in SYSTEMPATH\HTTP\RedirectResponse.php on line 62.
 1 SYSTEMPATH\HTTP\RedirectResponse.php(62): CodeIgniter\HTTP\Exceptions\HTTPException::forInvalidRedirectRoute('/formValidation')
 2 SYSTEMPATH\Common.php(864): CodeIgniter\HTTP\RedirectResponse->route(false)
 3 APPPATH\Controllers\Home.php(36): redirect('/formValidation')
 4 SYSTEMPATH\CodeIgniter.php(941): App\Controllers\Home->submitForm()
 5 SYSTEMPATH\CodeIgniter.php(502): CodeIgniter\CodeIgniter->runController(Object(App\Controllers\Home))
 6 SYSTEMPATH\CodeIgniter.php(361): CodeIgniter\CodeIgniter->handleRequest(null, Object(Config\Cache), false)
 7 FCPATH\index.php(79): CodeIgniter\CodeIgniter->run()
 8 SYSTEMPATH\Commands\Server\rewrite.php(47): require_once('C:\\Users\\adria\\Downloads\\codeigniter4-framework-v4.4.6-0-g7d393f8\\codeigniter4-framework-7d393f8\\public\\index.php')
CRITICAL - 2024-04-26 03:01:04 --> ErrorException: foreach() argument must be of type array|object, string given
in APPPATH\Views\v_form_validation.php on line 27.
 1 APPPATH\Views\v_form_validation.php(27): CodeIgniter\Debug\Exceptions->errorHandler(2, 'foreach() argument must be of type array|object, string given', 'C:\\Users\\adria\\Downloads\\codeigniter4-framework-v4.4.6-0-g7d393f8\\codeigniter4-framework-7d393f8\\app\\Views\\v_form_validation.php', 27)
 2 SYSTEMPATH\View\View.php(228): include('C:\\Users\\adria\\Downloads\\codeigniter4-framework-v4.4.6-0-g7d393f8\\codeigniter4-framework-7d393f8\\app\\Views\\v_form_validation.php')
 3 SYSTEMPATH\View\View.php(231): CodeIgniter\View\View->CodeIgniter\View\{closure}()
 4 SYSTEMPATH\Common.php(1178): CodeIgniter\View\View->render('v_form_validation', [], true)
 5 APPPATH\Controllers\Home.php(14): view('v_form_validation')
 6 SYSTEMPATH\CodeIgniter.php(941): App\Controllers\Home->formValidation()
 7 SYSTEMPATH\CodeIgniter.php(502): CodeIgniter\CodeIgniter->runController(Object(App\Controllers\Home))
 8 SYSTEMPATH\CodeIgniter.php(361): CodeIgniter\CodeIgniter->handleRequest(null, Object(Config\Cache), false)
 9 FCPATH\index.php(79): CodeIgniter\CodeIgniter->run()
10 SYSTEMPATH\Commands\Server\rewrite.php(47): require_once('C:\\Users\\adria\\Downloads\\codeigniter4-framework-v4.4.6-0-g7d393f8\\codeigniter4-framework-7d393f8\\public\\index.php')
CRITICAL - 2024-04-26 03:02:18 --> ErrorException: Undefined variable $success
in APPPATH\Views\v_form_validation.php on line 27.
 1 APPPATH\Views\v_form_validation.php(27): CodeIgniter\Debug\Exceptions->errorHandler(2, 'Undefined variable $success', 'C:\\Users\\adria\\Downloads\\codeigniter4-framework-v4.4.6-0-g7d393f8\\codeigniter4-framework-7d393f8\\app\\Views\\v_form_validation.php', 27)
 2 SYSTEMPATH\View\View.php(228): include('C:\\Users\\adria\\Downloads\\codeigniter4-framework-v4.4.6-0-g7d393f8\\codeigniter4-framework-7d393f8\\app\\Views\\v_form_validation.php')
 3 SYSTEMPATH\View\View.php(231): CodeIgniter\View\View->CodeIgniter\View\{closure}()
 4 SYSTEMPATH\Common.php(1178): CodeIgniter\View\View->render('v_form_validation', [], true)
 5 APPPATH\Controllers\Home.php(14): view('v_form_validation')
 6 SYSTEMPATH\CodeIgniter.php(941): App\Controllers\Home->formValidation()
 7 SYSTEMPATH\CodeIgniter.php(502): CodeIgniter\CodeIgniter->runController(Object(App\Controllers\Home))
 8 SYSTEMPATH\CodeIgniter.php(361): CodeIgniter\CodeIgniter->handleRequest(null, Object(Config\Cache), false)
 9 FCPATH\index.php(79): CodeIgniter\CodeIgniter->run()
10 SYSTEMPATH\Commands\Server\rewrite.php(47): require_once('C:\\Users\\adria\\Downloads\\codeigniter4-framework-v4.4.6-0-g7d393f8\\codeigniter4-framework-7d393f8\\public\\index.php')
